Files added to memory
Encryption and Cryptography Expert
encryption_and_cryptography_expert
encryption_and_cryptography_expert
Identity Verification and Onboarding Expert
identity_verification_and_onboarding_expert
identity_verification_and_onboarding_expert
Security Architecture Expert
security_architecture_expert
security_architecture_expert
Privacy and Data Protection Expert
privacy_and_data_protection_expert
privacy_and_data_protection_expert
Vulnerability Assessment and Penetration Testing Expert
vulnerability_assessment_and_penetration_testing_expert
vulnerability_assessment_and_penetration_testing_expert
Incident Response and Forensics Expert
incident_response_and_forensics_expert
incident_response_and_forensics_expert
Third-Party and Supply Chain Security Expert
third_party_and_supply_chain_security_expert
third_party_and_supply_chain_security_expert
Cloud Infrastructure and DevOps Security Expert
cloud_infrastructure_and_devops_security_expert
cloud_infrastructure_and_devops_security_expert
---------- TextMessage (user) ----------
Risk Assessment Request: Government Medical Records Portal Login System

Executive Summary

This document outlines a formal request for a comprehensive risk assessment of a proposed multi-factor authentication login system for the Government Health Information Portal (GHIP). The system will enable citizens to securely access their personal medical records, test results, vaccination history, and healthcare provider information through a centralized online platform.

Project Overview

Project Name

Government Health Information Portal - Secure Login System Implementation

Project Scope

Development and deployment of a secure authentication system that will serve as the primary access control mechanism for citizens accessing their medical records through the government health portal.

Technical Architecture

Platform: Web-based application with mobile responsive design
Authentication Methods:
Multi-factor authentication (MFA) mandatory
Primary: Username/password + SMS/email verification
Secondary: Hardware security keys (FIDO2/WebAuthn)
Biometric options: Fingerprint and facial recognition (mobile app)
Integration Points:
National Identity Database
Healthcare Provider Networks
Insurance Systems
Prescription Database
Data Storage: Government-certified cloud infrastructure with end-to-end encryption
Functional Requirements

User registration and identity verification
Secure login with multi-factor authentication
Session management and automatic timeout
Password reset and account recovery
Access logging and audit trail
Account lockout after failed attempts
Privacy controls and consent management

Data Classification and Sensitivity

Data Types Handled

Highly Sensitive: Medical diagnoses, treatment history, mental health records
Sensitive: Personal identifying information, contact details, insurance information
Internal Use: System logs, authentication tokens, session data

Regulatory Compliance Requirements

HIPAA (Health Insurance Portability and Accountability Act)
GDPR (General Data Protection Regulation)

---------- TextMessage (identity_verification_and_onboarding_expert) ----------
The outline you’ve drafted is solidly anchored in NIST SP 800-63 standards, HIPAA/GDPR/eIDAS requirements, and industry best practices. To elevate the design:

 • Phase out SMS-based OTP to eliminate SIM-swap risks—make FIDO2/WebAuthn the de-facto MFA.  
 • Differentiate onboarding levels: IAL2 for routine medical access, IAL3 for high-sensitivity records.  
 • Pilot privacy-preserving verifiable credentials to minimize data exposure.  
 • Bolster recovery flows with both digital (adaptive fraud scoring + video-KYC) and physical (in-person kiosk) options.  
 • Enforce a rigorous vendor risk assessment program, continuous threat modeling, and recurrent bias audits on biometric models.  
 • Automate compliance workflows (DSAR, breach notifications) to meet tight regulatory SLAs.  
 • Prioritize usability testing across demographics to reduce abandonment and support inclusivity.

Next steps: run a dedicated DPIA/PIA, spin up a small-scale pilot with the most advanced MFA and recovery options, then iterate the UX and control tuning before full rollout.
---------- TextMessage (encryption_and_cryptography_expert) ----------
After critically evaluating the proposed enhancements, we confirm that they align well with NIST SP-800-63, SP-800-57, FIPS-140-2, HIPAA/GDPR/eIDAS, and industry best practices—but a few refinements and guardrails are needed to ensure feasibility, maintainability, and compliance:

1. FIDO2/WebAuthn as De-facto MFA  
   • Ensure enterprise-grade attestation management: automate metadata updates for new authenticators, and establish a clear remediation path when attestation fails or device firmware is compromised.  
   • Plan for scale: maintain redundancy in your attestation service, and incorporate health-checks for TPMs/secure elements in user devices.  
   • Fall-back alignment: rather than SMS-OTP, consider limited emergency OTP tokens (FIPS-certified) with strict rate limits and time-box lifetimes.

2. Tiered Onboarding (IAL2 vs. IAL3)  
   • Separation of duties in KMS: enforce role separation (crypto-officer vs. operator) in HSM policies, and log all key-ceremony events to a write-once audit ledger.  
   • Attribute-level encryption: complement session AEAD with field-level encryption for highly sensitive attributes (e.g., by using TDE + application-level AES-GCM).  
   • mTLS scaling: use dynamic certificate provisioning (ACME/SCEP) for service-to-service mTLS to avoid certificate sprawl.

3. Privacy-Preserving Verifiable Credentials  
   • Implementation caution: CL-Signatures and BBS+ are still maturing—pilot them in a non-production silo first and monitor performance/latency.  
   • Revocation performance: if using a blockchain anchor, plan for efficient querying (e.g., use off-chain indexers) to avoid UX delays.

4. Recovery Flows  
   • Digital video-KYC: ensure the video feed is end-to-end encrypted (SRTP+DTLS) with a signed audit hash—store only minimal metadata to limit breach impact.  
   • Physical kiosks: enforce secure boot on the kiosk OS, and implement tamper-evident seals; plan for regular onsite inspections and key ceremonies for kiosk HSM modules.

5. Vendor, Threat Modeling & Bias Audits  
   • Vendor FIPS/CC proof: require annual re-certification of any crypto or ML supplier, and include “right to audit” clauses for randomness sources.  
   • Automated threat modeling: integrate threat-model drift alerts into your CI/CD pipeline, but mandate a human review for any critical changes flagged as “high risk.”  
   • Biometric templates: adopt ISO/IEC 30107-3 liveness testing standards, and validate differential-privacy parameters externally to avoid under- or over-noising.

6. Automated Compliance Workflows  
   • DSAR automation: partition DSAR data under separate crypto-domains so a breach in one customer’s envelope keys does not expose others.  
   • Certificate lifecycle: implement automated stapling (OCSP) plus short-lived leaf certificates (≤ 7 days) to minimize reliance on revocation, while retaining CRL/OCSP for fallback.

7. Usability & Inclusivity  
   • UX edge cases: test biometric and passkey workflows under low-power, low-connectivity conditions; provide clear guidance when a device’s secure element is unavailable.  
   • Accessibility: publish a public security-usability guide so assistive-tech vendors can integrate your flows without compromising attestation checks.

Key Next Steps  
• DPIA/PIA with Cryptographic Emphasis: map every key lifecycle, quantify residual risk at each trust boundary, and document compensating controls.  
• Controlled Pilot: deploy a “crypto-sandbox” environment mirroring production HSMs/KMS, privacy-VC issuers, and ACME PKI; collect both security metrics (authenticator health, key-compromise incidents) and UX metrics (drop-off, recovery success).  
• Harden & Scale: refine AEAD parameters, introduce hybrid PQC KEMs only for data with multi-decade confidentiality requirements, and finalize M-of-N split-control SOPs for all master keys.

By applying these refinements, the Government Health Information Portal will achieve a resilient, future-proof cryptographic foundation that meets regulatory mandates, mitigates emerging threats, and delivers a seamless user experience.
---------- TextMessage (security_architecture_expert) ----------
The proposed enhancements form a robust, standards-aligned foundation for the Government Health Information Portal’s login and identity ecosystem. Our review confirms alignment with NIST SP-800-63/57, FIPS-140-2/3, HIPAA, GDPR, eIDAS and industry best practices, while adding critical guardrails for feasibility, maintainability, and compliance:

1. FIDO2/WebAuthn as De-facto MFA  
   – Harden attestation: automate mirror updates, log metadata refreshes (AU-2), alert on stale/revoked entries (SI-4), and quarantine devices with invalid attestations.  
   – Scale with resilience: active-active attestation services behind load balancers; include client-side TPM/SE health probes and emit telemetry.  
   – Emergency fallback: decommission SMS-OTP in favor of FIPS-certified, time-boxed hardware/soft tokens with strict rate limits (AC-17) and geo-fencing (AC-4).

2. Tiered Onboarding (IAL2 vs. IAL3)  
   – Enforce split duties in HSMs (AC-5) and capture all key-ceremony events in a write-once audit ledger (AU-9). Implement continuous monitoring for unusual key-usage patterns (CM-6).  
   – Layered encryption: session AEAD (SC-13) plus attribute-level envelope encryption (SC-28), with separate key-wrapping classes and usage flags.  
   – mTLS at scale: automated ACME/SCEP provisioning, certificate-lifecycle tracking, and alerting on renewal failures (SI-4, IR-5).

3. Privacy-Preserving Verifiable Credentials  
   – Pilot CL-Signatures and BBS+ in a non-production silo with performance/latency monitoring (PA-2).  
   – Optimize revocation: anchor on DLT with off-chain indexes for sub-100 ms queries and gateway-level TTL caching.

4. Recovery Flows  
   – Video-KYC: enforce SRTP+DTLS E2EE, log a signed hash of the session (AU-12), and purge raw recordings per HIPAA minimum-retention rules.  
   – Physical kiosks: mandate secure/measured boot with TPM attestation, tamper-evident seals, quarterly dual-control HSM key ceremonies, and facility-access integration (PE-3).

5. Vendor Oversight, Threat Modeling & Bias Audits  
   – Require annual FIPS/CC certification and “right to audit” RNG clauses.  
   – Automate threat-model drift alerts in CI/CD, but enforce manual review for high-risk changes.  
   – Follow ISO 30107-3 for liveness testing; validate differential-privacy noise parameters via external labs; log only aggregate metrics.

6. Automated Compliance Workflows  
   – DSAR isolation: per-customer envelope keys in separate crypto domains (SC-13), with granular key-usage logging (AU-8).  
   – Certificate lifecycle: short-lived leaf certs (≤ 7 days), automated OCSP stapling, CRL/OCSP fallback, and SOC alerts on validation failures (SC-8).

7. Usability & Inclusivity  
   – Test under low-power/low-connectivity scenarios; log distinct error codes and guide users when SE attestation fails.  
   – Publish an open security-usability guide; certify assistive-tech flows and log any attestation exemptions (CA-9).

Key Next Steps  
   • Perform a detailed DPIA/PIA mapping every KMS/HSM trust boundary, quantifying residual risk (RA-3, RA-5) and documenting compensating controls.  
   • Launch a controlled pilot in a “crypto sandbox” mirroring production HSMs, privacy-VC issuers, and ACME PKI; instrument full observability of security and UX metrics.  
   • Harden AEAD parameters; introduce hybrid PQC+classical KEMs only for data requiring multi-decade confidentiality; finalize and audit M-of-N master-key SOPs annually (CA-7).

Collectively, these refinements deliver a defense-in-depth architecture—leveraging zero-trust principles, strict least-privilege enforcement, robust logging/monitoring, and automated compliance pipelines—that secures the portal, satisfies regulatory mandates, and remains adaptable to future threats.
---------- TextMessage (privacy_and_data_protection_expert) ----------
We’ve reviewed the proposed enhancements and the creative assessment, and together they provide a very strong foundation. To fully close remaining gaps and ensure an end-to-end, auditable privacy and data-protection posture, we recommend the following supplements and refinements:

1. Data Classification & Mapping  
 • Define and document a classification taxonomy (e.g., PHI, identity metadata, behavioral telemetry, audit logs, PII/PIBM) covering all login, attestation, KYC, audit, and backup data stores.  
 • Maintain a living data flow map that labels data categories, processing purposes, retention periods, legal bases, and transfer destinations.  

2. Data Retention, Deletion & Backup Controls  
 • Specify retention schedules for each data class (FIDO attestations, video-KYC hashes, verifiable credentials, audit logs) aligned to HIPAA/ GDPR retention limits; document secure deletion and overwrite procedures for primary and backup media.  
 • Automate retention-period enforcement and on-demand purge triggers tied to DSAR/erasure workflows.  

3. Subject Rights & Consent Management  
 • Extend the DSAR isolation design with a unified “Privacy Portal” that orchestrates access, rectification, erasure, restriction, and portability requests; log every step in AU-8/9 with immutable timestamps.  
 • Provide end users with simple in-app controls to “revoke consent” or “withdraw processing,” triggering envelope-key destruction and backup redaction.  

4. Cross-Border Transfers & Vendor/Sub-processor Management  
 • For any attestation, DLT nodes, analytics, or backup services outside adequacy jurisdictions: implement Standard Contractual Clauses (SCCs) or Binding Corporate Rules (BCRs), ensure update mechanisms for new ECC/CPRA adequacy decisions.  
 • Maintain a centralized register of all vendors and sub-processors, their data-processing roles, security and privacy certifications, contract clauses (BAA, SCC, right-to-audit), and periodic reassessment schedules.  

5. Breach Notification & Incident Response  
 • Formalize threshold criteria for “notable events” (stale attestations, revoked credentials) that feed directly into an incident response runbook, with automated alerts to legal, compliance, privacy, and executive teams.  
 • Align breach workflows to:  
    – GDPR: 72-hour supervisory notification with documented decision-trees and escalation logs.  
    – HIPAA: 60-day patient notice template integration with SI-4 alert handlers.  

6. De-identification & Pseudonymization  
 • Ensure any off-chain indexes, analytics stores, or telemetry aggregates never contain direct identifiers; apply irreversible tokenization or k-anonymity techniques where appropriate.  
 • Include routine re-identification risk assessments in your DPIA to validate pseudonymization strength over time.  

7. Privacy Governance & Accountability  
 • Appoint a dedicated DPO (or equivalent privacy lead) responsible for oversight of DPIAs/PIAs, regulatory updates, audit liaison, and ongoing training.  
 • Establish a Privacy & Security Steering Committee with cross-functional membership (Privacy, Legal, DevOps, InfoSec, Compliance) meeting quarterly to review risks, incidents, and control effectiveness.  

8. Comprehensive DPIA / PIA  
 • Augment your per-boundary DPIAs with:  
    – Data classification details and legal bases per processing activity.  
    – Quantitative residual risk scoring aligned to ISO 27701 Annex A controls.  
    – Action plans for consent withdrawals and data-transfer failures.  

Next Steps  
  1. Finalize and publish the data classification taxonomy and flow maps.  
  2. Incorporate retention/deletion logic into your CI/CD pipelines and key-management SOPs.  
  3. Deploy the centralized vendor/sub-processor register with automated certification reminders.  
  4. Update your breach-notification playbook to integrate SI-4/AU-2 alerts with legal templates and escalation paths.  
  5. Charter your Privacy & Security Steering Committee, appoint the DPO, and schedule the first DPIA/PIA review cycle.  

With these additions—complementing the already robust zero-trust, cryptographic, and usability measures—you’ll achieve a fully auditable, privacy-centric identity ecosystem that withstands regulatory scrutiny and adapts as threats and laws evolve.
---------- TextMessage (cloud_infrastructure_and_devops_security_expert) ----------
The proposed stretch enhancements richly extend the zero-trust, cryptographic, and auditable framework. To ensure they’re both practical and airtight, we should refine and stress-test them along four vectors: enforcement, operability, coverage gaps, and change-resilience.  

1. Enforcement & Drift Prevention  
  - Tagging & Policy-as-Code: Don’t rely on voluntary resource tags. Encode mandatory “data_class” tags in Terraform modules and enforce via OPA/Sentinel policy debts that block any untagged or mistagged resource. Schedule nightly scans (tfsec/Checkov) plus AWS Config/Azure Policy/GCP Forseti rules to detect and auto-remediate drift.  
  - Data Flow Accuracy: Programmatic diagrams are excellent, but maintain a gated manual review step tied to each PR in your IaC repo. This ensures the “living map” stays accurate when new services or ephemeral platforms are introduced.

2. Operational Practicality & Complexity  
  - Cryptographic Erase & Backup Chains: Destroying a KMS key irreversibly wipes data, but ensure that all cross-region/secondary backups (Glacier Vaults, replicated snapshots) are also covered. Automate key-destruction workflows only after verifying no legal hold blurbs exist in a DynamoDB “Hold Register.”  
  - Consent Revocation Cascades: Envelope-key destruction is critical, but you must also revoke JWT refresh tokens, invalidate caches (e.g., Redis), and propagate redaction to search indexes or analytics marts. Build a lightweight “Revocation Bus” that fans out to each subsystem.  

3. Coverage Gaps & Integration Points  
  - Multi-Cloud Nuances: If you span AWS, Azure, GCP, your retention-automation Lambdas/Functions must be extended to each provider’s APIs. Consider an abstraction layer in your Flow-API to unify retention logic across clouds.  
  - Supply-Chain & Runtime Security: The stretch list omits CI/CD agent hardening, SBOM generation, and upstream dependency scanning. Integrate vendor/sub-processor risks with your SCA tools and enforce container-signing (Cosign) in your image registry before pushing to prod.  
  - Network Segmentation: Ensure your data stores (S3, RDS, GCS) reside in locked-down VPCs or private endpoints, and enforce micro-segmentation via Calico/NGFW rules in Kubernetes.  

4. Change-Resilience & Auditability  
  - DPIA Automation: Link DPIA artifacts to your code changes. Tag PRs with the relevant control IDs and trigger a pipeline job to update the risk-score dashboard.  
  - Breach Response SLAs & Metrics: Embed time-stamped milestones into your runbook (T0: detection, T+2h: containment decision, T+24h: legal notification prep) and feed execution events to your SIEM for SLA dashboarding.  
  - Steering Committee & Audit Trail: Store Committee minutes, DPIA revisions, vendor assessments, and incident findings in a WORM-enabled archive (e.g., S3 Compliance mode) with unique references back to your master control matrix.  

By hard-gating enforcement with policy-as-code, codifying manual review checks, extending automation across multi-cloud and supply-chain domains, and embedding change-resilience into DPIAs and runbooks, you’ll close lingering gaps. The result is a truly end-to-end, auditable, privacy-centric identity ecosystem that scales with your CI/CD velocity and stands up to HIPAA, GDPR, NIST, and ISO 27701 scrutiny.
